0 info it worked if it ends with ok
1 verbose cli [ '/home/victor/.nvm/versions/node/v6.13.1/bin/node',
1 verbose cli   '/home/victor/.nvm/versions/node/v6.13.1/bin/npm',
1 verbose cli   'run',
1 verbose cli   'prod' ]
2 info using npm@3.10.10
3 info using node@v6.13.1
4 verbose run-script [ 'preprod', 'prod', 'postprod' ]
5 info lifecycle @~preprod: @
6 silly lifecycle @~preprod: no script for preprod, continuing
7 info lifecycle @~prod: @
8 verbose lifecycle @~prod: unsafe-perm in lifecycle true
9 verbose lifecycle @~prod: PATH: /home/victor/.nvm/versions/node/v6.13.1/lib/node_modules/npm/bin/node-gyp-bin:/var/www/portfolio/node_modules/.bin:/home/victor/.nvm/versions/node/v6.13.1/bin:/usr/local/sbin:/usr/local/bin:/usr/sbin:/usr/bin:/sbin:/bin:/usr/games:/usr/local/games:/snap/bin
10 verbose lifecycle @~prod: CWD: /var/www/portfolio
11 silly lifecycle @~prod: Args: [ '-c', 'npm run production' ]
12 silly lifecycle @~prod: Returned: code: 2  signal: null
13 info lifecycle @~prod: Failed to exec prod script
14 verbose stack Error: @ prod: `npm run production`
14 verbose stack Exit status 2
14 verbose stack     at EventEmitter.<anonymous> (/home/victor/.nvm/versions/node/v6.13.1/lib/node_modules/npm/lib/utils/lifecycle.js:255:16)
14 verbose stack     at emitTwo (events.js:106:13)
14 verbose stack     at EventEmitter.emit (events.js:191:7)
14 verbose stack     at ChildProcess.<anonymous> (/home/victor/.nvm/versions/node/v6.13.1/lib/node_modules/npm/lib/utils/spawn.js:40:14)
14 verbose stack     at emitTwo (events.js:106:13)
14 verbose stack     at ChildProcess.emit (events.js:191:7)
14 verbose stack     at maybeClose (internal/child_process.js:920:16)
14 verbose stack     at Process.ChildProcess._handle.onexit (internal/child_process.js:230:5)
15 verbose pkgid @
16 verbose cwd /var/www/portfolio
17 error Linux 4.4.0-131-generic
18 error argv "/home/victor/.nvm/versions/node/v6.13.1/bin/node" "/home/victor/.nvm/versions/node/v6.13.1/bin/npm" "run" "prod"
19 error node v6.13.1
20 error npm  v3.10.10
21 error code ELIFECYCLE
22 error @ prod: `npm run production`
22 error Exit status 2
23 error Failed at the @ prod script 'npm run production'.
23 error Make sure you have the latest version of node.js and npm installed.
23 error If you do, this is most likely a problem with the  package,
23 error not with npm itself.
23 error Tell the author that this fails on your system:
23 error     npm run production
23 error You can get information on how to open an issue for this project with:
23 error     npm bugs
23 error Or if that isn't available, you can get their info via:
23 error     npm owner ls
23 error There is likely additional logging output above.
24 verbose exit [ 1, true ]
